<?xml version="1.0" encoding="UTF-8"?>
<testng-results ignored="0" total="1" passed="1" failed="0" skipped="0">
  <reporter-output>
  </reporter-output>
  <suite started-at="2021-09-22T12:43:17 IST" name="Default suite" finished-at="2021-09-22T12:43:32 IST" duration-ms="14317">
    <groups>
    </groups>
    <test started-at="2021-09-22T12:43:17 IST" name="Default test" finished-at="2021-09-22T12:43:32 IST" duration-ms="14317">
      <class name="SeleniumTest.SeleniumTest.HomePageTest">
        <test-method is-config="true" signature="setup()[pri:0, instance:SeleniumTest.SeleniumTest.HomePageTest@702b8b12]" started-at="2021-09-22T12:43:17 IST" name="setup" finished-at="2021-09-22T12:43:31 IST" duration-ms="13663" status="PASS">
          <reporter-output>
          </reporter-output>
        </test-method> <!-- setup -->
        <test-method signature="testHomePageLinks()[pri:0, instance:SeleniumTest.SeleniumTest.HomePageTest@702b8b12]" started-at="2021-09-22T12:43:31 IST" name="testHomePageLinks" finished-at="2021-09-22T12:43:31 IST" duration-ms="244" status="PASS">
          <reporter-output>
          </reporter-output>
        </test-method> <!-- testHomePageLinks -->
        <test-method is-config="true" signature="close()[pri:0, instance:SeleniumTest.SeleniumTest.HomePageTest@702b8b12]" started-at="2021-09-22T12:43:31 IST" name="close" finished-at="2021-09-22T12:43:32 IST" duration-ms="350" status="PASS">
          <reporter-output>
          </reporter-output>
        </test-method> <!-- close -->
      </class> <!-- SeleniumTest.SeleniumTest.HomePageTest -->
    </test> <!-- Default test -->
  </suite> <!-- Default suite -->
</testng-results>
